0 info it worked if it ends with ok
1 verbose cli [ '/usr/bin/node', '/usr/bin/npm', 'install' ]
2 info using npm@3.5.2
3 info using node@v8.10.0
4 silly loadCurrentTree Starting
5 silly install loadCurrentTree
6 silly install readLocalPackageData
7 silly install normalizeTree
8 silly loadCurrentTree Finishing
9 silly loadIdealTree Starting
10 silly install loadIdealTree
11 silly cloneCurrentTree Starting
12 silly install cloneCurrentTreeToIdealTree
13 silly cloneCurrentTree Finishing
14 silly loadShrinkwrap Starting
15 silly install loadShrinkwrap
16 silly loadShrinkwrap Finishing
17 silly loadAllDepsIntoIdealTree Starting
18 silly install loadAllDepsIntoIdealTree
19 silly fetchNamedPackageData dotenv
20 silly mapToRegistry name dotenv
21 silly mapToRegistry using default registry
22 silly mapToRegistry registry https://registry.npmjs.org/
23 silly mapToRegistry uri https://registry.npmjs.org/dotenv
24 silly fetchNamedPackageData telegraf
25 silly mapToRegistry name telegraf
26 silly mapToRegistry using default registry
27 silly mapToRegistry registry https://registry.npmjs.org/
28 silly mapToRegistry uri https://registry.npmjs.org/telegraf
29 verbose request uri https://registry.npmjs.org/dotenv
30 verbose request no auth needed
31 info attempt registry request try #1 at 6:25:17 PM
32 verbose request id dd877d3bd156f9f9
33 http request GET https://registry.npmjs.org/dotenv
34 verbose request uri https://registry.npmjs.org/telegraf
35 verbose request no auth needed
36 info attempt registry request try #1 at 6:25:17 PM
37 http request GET https://registry.npmjs.org/telegraf
38 http 200 https://registry.npmjs.org/dotenv
39 verbose headers { date: 'Fri, 13 Mar 2020 16:25:26 GMT',
39 verbose headers   'content-type': 'application/json',
39 verbose headers   'transfer-encoding': 'chunked',
39 verbose headers   connection: 'keep-alive',
39 verbose headers   'set-cookie':
39 verbose headers    [ '__cfduid=d701a960257f1d5ed12de8a3e9201b5811584116726; expires=Sun, 12-Apr-20 16:25:26 GMT; path=/; domain=.npmjs.org; HttpOnly; SameSite=Lax' ],
39 verbose headers   'cf-ray': '57371c61ad12fe3c-HEL',
39 verbose headers   age: '5590',
39 verbose headers   'cache-control': 'public, max-age=300',
39 verbose headers   etag: 'W/"eb436f22633dd89c882317c4b26f3166"',
39 verbose headers   'last-modified': 'Fri, 21 Feb 2020 20:38:27 GMT',
39 verbose headers   vary: 'accept-encoding, accept',
39 verbose headers   'cf-cache-status': 'HIT',
39 verbose headers   'expect-ct': 'max-age=604800, report-uri="https://report-uri.cloudflare.com/cdn-cgi/beacon/expect-ct"',
39 verbose headers   server: 'cloudflare',
39 verbose headers   'content-encoding': 'gzip' }
40 silly get cb [ 200,
40 silly get   { date: 'Fri, 13 Mar 2020 16:25:26 GMT',
40 silly get     'content-type': 'application/json',
40 silly get     'transfer-encoding': 'chunked',
40 silly get     connection: 'keep-alive',
40 silly get     'set-cookie':
40 silly get      [ '__cfduid=d701a960257f1d5ed12de8a3e9201b5811584116726; expires=Sun, 12-Apr-20 16:25:26 GMT; path=/; domain=.npmjs.org; HttpOnly; SameSite=Lax' ],
40 silly get     'cf-ray': '57371c61ad12fe3c-HEL',
40 silly get     age: '5590',
40 silly get     'cache-control': 'public, max-age=300',
40 silly get     etag: 'W/"eb436f22633dd89c882317c4b26f3166"',
40 silly get     'last-modified': 'Fri, 21 Feb 2020 20:38:27 GMT',
40 silly get     vary: 'accept-encoding, accept',
40 silly get     'cf-cache-status': 'HIT',
40 silly get     'expect-ct': 'max-age=604800, report-uri="https://report-uri.cloudflare.com/cdn-cgi/beacon/expect-ct"',
40 silly get     server: 'cloudflare',
40 silly get     'content-encoding': 'gzip' } ]
41 verbose get saving dotenv to /home/vilma/.npm/registry.npmjs.org/dotenv/.cache.json
42 verbose makeDirectory /home/vilma/.npm creation not in flight; initializing
43 silly makeDirectory /home/vilma/.npm uid: 1000 gid: 1000
44 silly resolveWithNewModule dotenv@8.2.0 checking installable status
45 silly cache add args [ 'dotenv@^8.2.0', null ]
46 verbose cache add spec dotenv@^8.2.0
47 silly cache add parsed spec Result {
47 silly cache add   raw: 'dotenv@^8.2.0',
47 silly cache add   scope: null,
47 silly cache add   name: 'dotenv',
47 silly cache add   rawSpec: '^8.2.0',
47 silly cache add   spec: '>=8.2.0 <9.0.0',
47 silly cache add   type: 'range' }
48 silly addNamed dotenv@>=8.2.0 <9.0.0
49 verbose addNamed ">=8.2.0 <9.0.0" is a valid semver range for dotenv
50 silly addNameRange { name: 'dotenv', range: '>=8.2.0 <9.0.0', hasData: false }
51 silly mapToRegistry name dotenv
52 silly mapToRegistry using default registry
53 silly mapToRegistry registry https://registry.npmjs.org/
54 silly mapToRegistry uri https://registry.npmjs.org/dotenv
55 verbose addNameRange registry:https://registry.npmjs.org/dotenv not in flight; fetching
56 verbose get https://registry.npmjs.org/dotenv not expired, no request
57 silly addNameRange number 2 { name: 'dotenv', range: '>=8.2.0 <9.0.0', hasData: true }
58 silly addNameRange versions [ 'dotenv',
58 silly addNameRange   [ '0.0.1',
58 silly addNameRange     '0.0.2',
58 silly addNameRange     '0.0.3',
58 silly addNameRange     '0.0.4',
58 silly addNameRange     '0.0.5',
58 silly addNameRange     '0.1.0',
58 silly addNameRange     '0.1.1',
58 silly addNameRange     '0.1.2',
58 silly addNameRange     '0.2.0',
58 silly addNameRange     '0.2.1',
58 silly addNameRange     '0.2.2',
58 silly addNameRange     '0.2.3',
58 silly addNameRange     '0.2.4',
58 silly addNameRange     '0.2.5',
58 silly addNameRange     '0.2.6',
58 silly addNameRange     '0.2.7',
58 silly addNameRange     '0.2.8',
58 silly addNameRange     '0.3.0',
58 silly addNameRange     '0.4.0',
58 silly addNameRange     '0.5.0',
58 silly addNameRange     '0.5.1',
58 silly addNameRange     '1.0.0',
58 silly addNameRange     '1.1.0',
58 silly addNameRange     '1.2.0',
58 silly addNameRange     '2.0.0',
58 silly addNameRange     '3.0.0',
58 silly addNameRange     '4.0.0',
58 silly addNameRange     '5.0.0',
58 silly addNameRange     '5.0.1',
58 silly addNameRange     '6.0.0',
58 silly addNameRange     '6.1.0',
58 silly addNameRange     '6.2.0-rc1',
58 silly addNameRange     '6.2.0-0',
58 silly addNameRange     '6.2.0',
58 silly addNameRange     '7.0.0',
58 silly addNameRange     '8.0.0',
58 silly addNameRange     '8.1.0',
58 silly addNameRange     '8.2.0' ] ]
59 silly addNamed dotenv@8.2.0
60 verbose addNamed "8.2.0" is a plain semver version for dotenv
61 silly mapToRegistry name dotenv
62 silly mapToRegistry using default registry
63 silly mapToRegistry registry https://registry.npmjs.org/
64 silly mapToRegistry uri https://registry.npmjs.org/dotenv
65 verbose addRemoteTarball https://registry.npmjs.org/dotenv/-/dotenv-8.2.0.tgz not in flight; adding
66 verbose addRemoteTarball [ 'https://registry.npmjs.org/dotenv/-/dotenv-8.2.0.tgz',
66 verbose addRemoteTarball   '97e619259ada750eea3e4ea3e26bceea5424b16a' ]
67 info retry fetch attempt 1 at 6:25:25 PM
68 info attempt registry request try #1 at 6:25:25 PM
69 http fetch GET https://registry.npmjs.org/dotenv/-/dotenv-8.2.0.tgz
70 http fetch 200 https://registry.npmjs.org/dotenv/-/dotenv-8.2.0.tgz
71 silly fetchAndShaCheck shasum 97e619259ada750eea3e4ea3e26bceea5424b16a
72 verbose addTmpTarball /tmp/npm-23740-586a0c32/registry.npmjs.org/dotenv/-/dotenv-8.2.0.tgz not in flight; adding
73 verbose addTmpTarball already have metadata; skipping unpack for dotenv@8.2.0
74 silly cache afterAdd dotenv@8.2.0
75 verbose afterAdd /home/vilma/.npm/dotenv/8.2.0/package/package.json not in flight; writing
76 verbose afterAdd /home/vilma/.npm/dotenv/8.2.0/package/package.json written
77 http 200 https://registry.npmjs.org/telegraf
78 verbose headers { date: 'Fri, 13 Mar 2020 16:25:26 GMT',
78 verbose headers   'content-type': 'application/json',
78 verbose headers   'transfer-encoding': 'chunked',
78 verbose headers   connection: 'keep-alive',
78 verbose headers   'set-cookie':
78 verbose headers    [ '__cfduid=d701a960257f1d5ed12de8a3e9201b5811584116726; expires=Sun, 12-Apr-20 16:25:26 GMT; path=/; domain=.npmjs.org; HttpOnly; SameSite=Lax' ],
78 verbose headers   'cf-ray': '57371c61ad27fe3c-HEL',
78 verbose headers   'cache-control': 'public, max-age=300',
78 verbose headers   etag: 'W/"3be5d30c121106d8f2e9ec92b7f2600d"',
78 verbose headers   'last-modified': 'Thu, 23 Jan 2020 18:41:25 GMT',
78 verbose headers   vary: 'accept-encoding, accept',
78 verbose headers   'cf-cache-status': 'REVALIDATED',
78 verbose headers   'expect-ct': 'max-age=604800, report-uri="https://report-uri.cloudflare.com/cdn-cgi/beacon/expect-ct"',
78 verbose headers   server: 'cloudflare',
78 verbose headers   'content-encoding': 'gzip' }
79 silly get cb [ 200,
79 silly get   { date: 'Fri, 13 Mar 2020 16:25:26 GMT',
79 silly get     'content-type': 'application/json',
79 silly get     'transfer-encoding': 'chunked',
79 silly get     connection: 'keep-alive',
79 silly get     'set-cookie':
79 silly get      [ '__cfduid=d701a960257f1d5ed12de8a3e9201b5811584116726; expires=Sun, 12-Apr-20 16:25:26 GMT; path=/; domain=.npmjs.org; HttpOnly; SameSite=Lax' ],
79 silly get     'cf-ray': '57371c61ad27fe3c-HEL',
79 silly get     'cache-control': 'public, max-age=300',
79 silly get     etag: 'W/"3be5d30c121106d8f2e9ec92b7f2600d"',
79 silly get     'last-modified': 'Thu, 23 Jan 2020 18:41:25 GMT',
79 silly get     vary: 'accept-encoding, accept',
79 silly get     'cf-cache-status': 'REVALIDATED',
79 silly get     'expect-ct': 'max-age=604800, report-uri="https://report-uri.cloudflare.com/cdn-cgi/beacon/expect-ct"',
79 silly get     server: 'cloudflare',
79 silly get     'content-encoding': 'gzip' } ]
80 verbose get saving telegraf to /home/vilma/.npm/registry.npmjs.org/telegraf/.cache.json
81 verbose stack Error: Missing required argument #1
81 verbose stack     at andLogAndFinish (/usr/share/npm/lib/fetch-package-metadata.js:31:3)
81 verbose stack     at fetchPackageMetadata (/usr/share/npm/lib/fetch-package-metadata.js:51:22)
81 verbose stack     at resolveWithNewModule (/usr/share/npm/lib/install/deps.js:456:12)
81 verbose stack     at /usr/share/npm/lib/install/deps.js:457:7
81 verbose stack     at /usr/share/npm/node_modules/iferr/index.js:13:50
81 verbose stack     at /usr/share/npm/lib/fetch-package-metadata.js:37:12
81 verbose stack     at addRequestedAndFinish (/usr/share/npm/lib/fetch-package-metadata.js:82:5)
81 verbose stack     at returnAndAddMetadata (/usr/share/npm/lib/fetch-package-metadata.js:117:7)
81 verbose stack     at pickVersionFromRegistryDocument (/usr/share/npm/lib/fetch-package-metadata.js:134:20)
81 verbose stack     at /usr/share/npm/node_modules/iferr/index.js:13:50
82 verbose cwd /home/vilma/projekteja/koronaRobot
83 error Linux 5.0.0-32-generic
84 error argv "/usr/bin/node" "/usr/bin/npm" "install"
85 error node v8.10.0
86 error npm  v3.5.2
87 error code EMISSINGARG
88 error typeerror Error: Missing required argument #1
88 error typeerror     at andLogAndFinish (/usr/share/npm/lib/fetch-package-metadata.js:31:3)
88 error typeerror     at fetchPackageMetadata (/usr/share/npm/lib/fetch-package-metadata.js:51:22)
88 error typeerror     at resolveWithNewModule (/usr/share/npm/lib/install/deps.js:456:12)
88 error typeerror     at /usr/share/npm/lib/install/deps.js:457:7
88 error typeerror     at /usr/share/npm/node_modules/iferr/index.js:13:50
88 error typeerror     at /usr/share/npm/lib/fetch-package-metadata.js:37:12
88 error typeerror     at addRequestedAndFinish (/usr/share/npm/lib/fetch-package-metadata.js:82:5)
88 error typeerror     at returnAndAddMetadata (/usr/share/npm/lib/fetch-package-metadata.js:117:7)
88 error typeerror     at pickVersionFromRegistryDocument (/usr/share/npm/lib/fetch-package-metadata.js:134:20)
88 error typeerror     at /usr/share/npm/node_modules/iferr/index.js:13:50
89 error typeerror This is an error with npm itself. Please report this error at:
89 error typeerror     <http://github.com/npm/npm/issues>
90 verbose exit [ 1, true ]
